<?xml version="1.0" encoding="UTF-8"?>
<testng-results ignored="0" total="1" passed="1" failed="0" skipped="0">
  <reporter-output>
  </reporter-output>
  <suite started-at="2026-01-30T13:31:02 IST" name="Suite" finished-at="2026-01-30T13:31:03 IST" duration-ms="79">
    <groups>
    </groups>
    <test started-at="2026-01-30T13:31:02 IST" name="Test" finished-at="2026-01-30T13:31:03 IST" duration-ms="79">
      <class name="PracticeProgramVTiger.ReadDataFromCmdLinetest">
        <test-method signature="readData()[pri:0, instance:PracticeProgramVTiger.ReadDataFromCmdLinetest@101952da]" started-at="2026-01-30T13:31:03 IST" name="readData" finished-at="2026-01-30T13:31:03 IST" duration-ms="15" status="PASS">
          <reporter-output>
          </reporter-output>
        </test-method> <!-- readData -->
      </class> <!-- PracticeProgramVTiger.ReadDataFromCmdLinetest -->
    </test> <!-- Test -->
  </suite> <!-- Suite -->
</testng-results>
