<?xml version="1.0" encoding="UTF-8"?>
<testng-results ignored="0" total="1" passed="1" failed="0" skipped="0">
  <reporter-output>
  </reporter-output>
  <suite started-at="2026-01-25T21:47:25 IST" name="Default suite" finished-at="2026-01-25T21:47:25 IST" duration-ms="122">
    <groups>
    </groups>
    <test started-at="2026-01-25T21:47:25 IST" name="Default test" finished-at="2026-01-25T21:47:25 IST" duration-ms="122">
      <class name="PracticeProgramVTiger.ReadDataFromCmdLinetest">
        <test-method signature="readData()[pri:0, instance:PracticeProgramVTiger.ReadDataFromCmdLinetest@ea6147e]" started-at="2026-01-25T21:47:25 IST" name="readData" finished-at="2026-01-25T21:47:25 IST" duration-ms="17" status="PASS">
          <reporter-output>
          </reporter-output>
        </test-method> <!-- readData -->
      </class> <!-- PracticeProgramVTiger.ReadDataFromCmdLinetest -->
    </test> <!-- Default test -->
  </suite> <!-- Default suite -->
</testng-results>
