<?xml version="1.0" encoding="UTF-8"?>
<!-- Generated by org.testng.reporters.JUnitReportReporter -->
<testsuite hostname="DESKTOP-D783K9I" failures="0" tests="9" name="PracticeProgramVTiger.ReadDataFormExcelSheetViaDataProviderTest" time="162.818" errors="0" timestamp="2026-01-08T14:15:37 IST" skipped="0">
  <testcase classname="PracticeProgramVTiger.ReadDataFormExcelSheetViaDataProviderTest" name="readMultiDataTest" time="20.100"/>
  <system-out/>
  <testcase classname="PracticeProgramVTiger.ReadDataFormExcelSheetViaDataProviderTest" name="readMultiDataTest" time="14.121"/>
  <system-out/>
  <testcase classname="PracticeProgramVTiger.ReadDataFormExcelSheetViaDataProviderTest" name="readMultiDataTest" time="17.256"/>
  <system-out/>
  <testcase classname="PracticeProgramVTiger.ReadDataFormExcelSheetViaDataProviderTest" name="readMultiDataTest" time="18.248"/>
  <system-out/>
  <testcase classname="PracticeProgramVTiger.ReadDataFormExcelSheetViaDataProviderTest" name="readMultiDataTest" time="25.044"/>
  <system-out/>
  <testcase classname="PracticeProgramVTiger.ReadDataFormExcelSheetViaDataProviderTest" name="readMultiDataTest" time="17.243"/>
  <system-out/>
  <testcase classname="PracticeProgramVTiger.ReadDataFormExcelSheetViaDataProviderTest" name="readMultiDataTest" time="14.610"/>
  <system-out/>
  <testcase classname="PracticeProgramVTiger.ReadDataFormExcelSheetViaDataProviderTest" name="readMultiDataTest" time="21.066"/>
  <system-out/>
  <testcase classname="PracticeProgramVTiger.ReadDataFormExcelSheetViaDataProviderTest" name="readMultiDataTest" time="15.130"/>
  <system-out/>
</testsuite> <!-- PracticeProgramVTiger.ReadDataFormExcelSheetViaDataProviderTest -->
