<?xml version="1.0" encoding="UTF-8"?>
<!-- Generated by org.testng.reporters.JUnitReportReporter -->
<testsuite hostname="DESKTOP-D783K9I" failures="0" tests="1" name="PracticeProgramVTiger.ExampleClasstest" time="0.021" errors="0" timestamp="2026-01-21T20:11:42 IST" skipped="0">
  <testcase classname="PracticeProgramVTiger.ExampleClasstest" name="exampleClasstest" time="0.021"/>
  <system-out>
    <![CDATA[it is example of class end with test word which is method name]]>
  </system-out>
</testsuite> <!-- PracticeProgramVTiger.ExampleClasstest -->
