<?xml version="1.0" encoding="UTF-8"?>
<!-- Generated by org.testng.reporters.JUnitReportReporter -->
<testsuite hostname="DESKTOP-D783K9I" failures="0" tests="4" name="PracticeProgramVTiger.TestNGPractice" time="104.323" errors="0" timestamp="2026-01-20T15:20:11 IST" skipped="0">
  <testcase classname="PracticeProgramVTiger.TestNGPractice" name="firstTestNGPracticeTest" time="7.143"/>
  <system-out/>
  <testcase classname="PracticeProgramVTiger.TestNGPractice" name="firstTestNGPracticeTest" time="11.328"/>
  <system-out/>
  <testcase classname="PracticeProgramVTiger.TestNGPractice" name="firstTestNGPracticeTest" time="10.013"/>
  <system-out/>
  <testcase classname="PracticeProgramVTiger.TestNGPractice" name="firstTestNGPracticeTest" time="75.839"/>
  <system-out/>
</testsuite> <!-- PracticeProgramVTiger.TestNGPractice -->
