<?xml version="1.0" encoding="UTF-8"?>
<!-- Generated by org.testng.reporters.JUnitReportReporter -->
<testsuite hostname="DESKTOP-D783K9I" failures="0" tests="1" name="PracticeProgramVTiger.CreateContactTest" time="101.769" errors="0" timestamp="2026-01-20T15:54:55 IST" skipped="0">
  <testcase classname="PracticeProgramVTiger.CreateContactTest" name="CreateContactTest" time="101.769"/>
  <system-out>
    <![CDATA[click on contact link]]>
  </system-out>
</testsuite> <!-- PracticeProgramVTiger.CreateContactTest -->
