<?xml version="1.0" encoding="UTF-8"?>
<!-- Generated by org.testng.reporters.JUnitReportReporter -->
<testsuite hostname="DESKTOP-D783K9I" failures="0" tests="4" name="PracticeProgramVTiger.PracticeDATAPROVIDER" time="0.018" errors="0" timestamp="2026-01-02T21:12:58 IST" skipped="0">
  <testcase classname="PracticeProgramVTiger.PracticeDATAPROVIDER" name="getContactData" time="0.003"/>
  <system-out/>
  <testcase classname="PracticeProgramVTiger.PracticeDATAPROVIDER" name="getContactData" time="0.002"/>
  <system-out/>
  <testcase classname="PracticeProgramVTiger.PracticeDATAPROVIDER" name="getContactData" time="0.011"/>
  <system-out/>
  <testcase classname="PracticeProgramVTiger.PracticeDATAPROVIDER" name="getContactData" time="0.002"/>
  <system-out/>
</testsuite> <!-- PracticeProgramVTiger.PracticeDATAPROVIDER -->
